<?xml version="1.0" encoding="UTF-8"?>
<!-- Generated by org.testng.reporters.JUnitReportReporter -->
<testsuite hostname="LAPTOP-NA3OQ0PP" failures="0" tests="1" name="com.MavenProject.QA.com.MavenProject.QA.RegTest" time="0.393" errors="0" timestamp="13 Feb 2023 06:53:22 GMT">
  <testcase classname="com.MavenProject.QA.com.MavenProject.QA.RegTest" name="abc" time="0.393"/>
</testsuite>
